# JRE version: Java(TM) SE Runtime Environment (8.0_51-b16) (build 1.8.0_51-b16)
# Java VM: Java HotSpot(TM) 64-Bit Server VM (25.51-b03 mixed mode windows-amd64 compressed oops)
Heap:
 PSYoungGen      total 2275840K, used 1375749K [0x000000071ab00000, 0x00000007a9c00000, 0x00000007c0000000)
  eden space 2213376K, 60% used [0x000000071ab00000,0x000000076c0b2dc0,0x00000007a1c80000)
  from space 62464K, 68% used [0x00000007a1c80000,0x00000007a464e8e0,0x00000007a5980000)
  to   space 61440K, 0% used [0x00000007a6000000,0x00000007a6000000,0x00000007a9c00000)
 ParOldGen       total 919552K, used 679144K [0x00000005d0000000, 0x0000000608200000, 0x000000071ab00000)
  object space 919552K, 73% used [0x00000005d0000000,0x00000005f973a020,0x0000000608200000)
 Metaspace       used 119718K, capacity 136204K, committed 136360K, reserved 1165312K
  class space    used 17243K, capacity 21042K, committed 21160K, reserved 1048576K
GC Heap History (10 events):
Event: 15829.519 GC heap before
{Heap before GC invocations=371 (full 6):
 PSYoungGen      total 2257408K, used 2242683K [0x000000071ab00000, 0x00000007a8300000, 0x00000007c0000000)
  eden space 2197504K, 100% used [0x000000071ab00000,0x00000007a0d00000,0x00000007a0d00000)
  from space 59904K, 75% used [0x00000007a4880000,0x00000007a749ee10,0x00000007a8300000)
  to   space 60416K, 0% used [0x00000007a0d00000,0x00000007a0d00000,0x00000007a4800000)
 ParOldGen       total 919552K, used 676404K [0x00000005d0000000, 0x0000000608200000, 0x000000071ab00000)
  object space 919552K, 73% used [0x00000005d0000000,0x00000005f948d268,0x0000000608200000)
 Metaspace       used 119613K, capacity 136092K, committed 136232K, reserved 1165312K
  class space    used 17232K, capacity 21028K, committed 21032K, reserved 1048576K
Event: 15829.541 GC heap after
Heap after GC invocations=371 (full 6):
 PSYoungGen      total 2257920K, used 45742K [0x000000071ab00000, 0x00000007a8e00000, 0x00000007c0000000)
  eden space 2197504K, 0% used [0x000000071ab00000,0x000000071ab00000,0x00000007a0d00000)
  from space 60416K, 75% used [0x00000007a0d00000,0x00000007a39ab9c0,0x00000007a4800000)
  to   space 61440K, 0% used [0x00000007a5200000,0x00000007a5200000,0x00000007a8e00000)
 ParOldGen       total 919552K, used 676714K [0x00000005d0000000, 0x0000000608200000, 0x000000071ab00000)
  object space 919552K, 73% used [0x00000005d0000000,0x00000005f94da9d8,0x0000000608200000)
 Metaspace       used 119613K, capacity 136092K, committed 136232K, reserved 1165312K
  class space    used 17232K, capacity 21028K, committed 21032K, reserved 1048576K
}
Event: 15884.484 GC heap before
{Heap before GC invocations=372 (full 6):
 PSYoungGen      total 2257920K, used 2243246K [0x000000071ab00000, 0x00000007a8e00000, 0x00000007c0000000)
  eden space 2197504K, 100% used [0x000000071ab00000,0x00000007a0d00000,0x00000007a0d00000)
  from space 60416K, 75% used [0x00000007a0d00000,0x00000007a39ab9c0,0x00000007a4800000)
  to   space 61440K, 0% used [0x00000007a5200000,0x00000007a5200000,0x00000007a8e00000)
 ParOldGen       total 919552K, used 676714K [0x00000005d0000000, 0x0000000608200000, 0x000000071ab00000)
  object space 919552K, 73% used [0x00000005d0000000,0x00000005f94daa10,0x0000000608200000)
 Metaspace       used 119614K, capacity 136096K, committed 136232K, reserved 1165312K
  class space    used 17232K, capacity 21028K, committed 21032K, reserved 1048576K
Event: 15884.512 GC heap after
Heap after GC invocations=372 (full 6):
 PSYoungGen      total 2267136K, used 45214K [0x000000071ab00000, 0x00000007a8e00000, 0x00000007c0000000)
  eden space 2205696K, 0% used [0x000000071ab00000,0x000000071ab00000,0x00000007a1500000)
  from space 61440K, 73% used [0x00000007a5200000,0x00000007a7e27810,0x00000007a8e00000)
  to   space 61952K, 0% used [0x00000007a1500000,0x00000007a1500000,0x00000007a5180000)
 ParOldGen       total 919552K, used 676778K [0x00000005d0000000, 0x0000000608200000, 0x000000071ab00000)
  object space 919552K, 73% used [0x00000005d0000000,0x00000005f94eaa10,0x0000000608200000)
 Metaspace       used 119614K, capacity 136096K, committed 136232K, reserved 1165312K
  class space    used 17232K, capacity 21028K, committed 21032K, reserved 1048576K
}
Event: 15941.791 GC heap before
{Heap before GC invocations=373 (full 6):
 PSYoungGen      total 2267136K, used 2250910K [0x000000071ab00000, 0x00000007a8e00000, 0x00000007c0000000)
  eden space 2205696K, 100% used [0x000000071ab00000,0x00000007a1500000,0x00000007a1500000)
  from space 61440K, 73% used [0x00000007a5200000,0x00000007a7e27810,0x00000007a8e00000)
  to   space 61952K, 0% used [0x00000007a1500000,0x00000007a1500000,0x00000007a5180000)
 ParOldGen       total 919552K, used 676781K [0x00000005d0000000, 0x0000000608200000, 0x000000071ab00000)
  object space 919552K, 73% used [0x00000005d0000000,0x00000005f94eb490,0x0000000608200000)
 Metaspace       used 119614K, capacity 136096K, committed 136232K, reserved 1165312K
  class space    used 17232K, capacity 21028K, committed 21032K, reserved 1048576K
Event: 15941.818 GC heap after
Heap after GC invocations=373 (full 6):
 PSYoungGen      total 2267648K, used 46997K [0x000000071ab00000, 0x00000007a9680000, 0x00000007c0000000)
  eden space 2205696K, 0% used [0x000000071ab00000,0x000000071ab00000,0x00000007a1500000)
  from space 61952K, 75% used [0x00000007a1500000,0x00000007a42e5670,0x00000007a5180000)
  to   space 62464K, 0% used [0x00000007a5980000,0x00000007a5980000,0x00000007a9680000)
 ParOldGen       total 919552K, used 676853K [0x00000005d0000000, 0x0000000608200000, 0x000000071ab00000)
  object space 919552K, 73% used [0x00000005d0000000,0x00000005f94fd490,0x0000000608200000)
 Metaspace       used 119614K, capacity 136096K, committed 136232K, reserved 1165312K
  class space    used 17232K, capacity 21028K, committed 21032K, reserved 1048576K
}
Event: 15983.069 GC heap before
{Heap before GC invocations=374 (full 6):
 PSYoungGen      total 2267648K, used 2252693K [0x000000071ab00000, 0x00000007a9680000, 0x00000007c0000000)
  eden space 2205696K, 100% used [0x000000071ab00000,0x00000007a1500000,0x00000007a1500000)
  from space 61952K, 75% used [0x00000007a1500000,0x00000007a42e5670,0x00000007a5180000)
  to   space 62464K, 0% used [0x00000007a5980000,0x00000007a5980000,0x00000007a9680000)
 ParOldGen       total 919552K, used 676853K [0x00000005d0000000, 0x0000000608200000, 0x000000071ab00000)
  object space 919552K, 73% used [0x00000005d0000000,0x00000005f94fd490,0x0000000608200000)
 Metaspace       used 119625K, capacity 136096K, committed 136232K, reserved 1165312K
  class space    used 17232K, capacity 21028K, committed 21032K, reserved 1048576K
Event: 15983.099 GC heap after
Heap after GC invocations=374 (full 6):
 PSYoungGen      total 2275840K, used 46292K [0x000000071ab00000, 0x00000007a9680000, 0x00000007c0000000)
  eden space 2213376K, 0% used [0x000000071ab00000,0x000000071ab00000,0x00000007a1c80000)
  from space 62464K, 74% used [0x00000007a5980000,0x00000007a86b5280,0x00000007a9680000)
  to   space 62464K, 0% used [0x00000007a1c80000,0x00000007a1c80000,0x00000007a5980000)
 ParOldGen       total 919552K, used 677084K [0x00000005d0000000, 0x0000000608200000, 0x000000071ab00000)
  object space 919552K, 73% used [0x00000005d0000000,0x00000005f95373a0,0x0000000608200000)
 Metaspace       used 119625K, capacity 136096K, committed 136232K, reserved 1165312K
  class space    used 17232K, capacity 21028K, committed 21032K, reserved 1048576K
}
Event: 16039.295 GC heap before
{Heap before GC invocations=375 (full 6):
 PSYoungGen      total 2275840K, used 2259668K [0x000000071ab00000, 0x00000007a9680000, 0x00000007c0000000)
  eden space 2213376K, 100% used [0x000000071ab00000,0x00000007a1c80000,0x00000007a1c80000)
  from space 62464K, 74% used [0x00000007a5980000,0x00000007a86b5280,0x00000007a9680000)
  to   space 62464K, 0% used [0x00000007a1c80000,0x00000007a1c80000,0x00000007a5980000)
 ParOldGen       total 919552K, used 677084K [0x00000005d0000000, 0x0000000608200000, 0x000000071ab00000)
  object space 919552K, 73% used [0x00000005d0000000,0x00000005f95373a0,0x0000000608200000)
 Metaspace       used 119629K, capacity 136096K, committed 136232K, reserved 1165312K
  class space    used 17233K, capacity 21028K, committed 21032K, reserved 1048576K
Event: 16039.332 GC heap after
Heap after GC invocations=375 (full 6):
 PSYoungGen      total 2275840K, used 42810K [0x000000071ab00000, 0x00000007a9c00000, 0x00000007c0000000)
  eden space 2213376K, 0% used [0x000000071ab00000,0x000000071ab00000,0x00000007a1c80000)
  from space 62464K, 68% used [0x00000007a1c80000,0x00000007a464e8e0,0x00000007a5980000)
  to   space 61440K, 0% used [0x00000007a6000000,0x00000007a6000000,0x00000007a9c00000)
 ParOldGen       total 919552K, used 679144K [0x00000005d0000000, 0x0000000608200000, 0x000000071ab00000)
  object space 919552K, 73% used [0x00000005d0000000,0x00000005f973a020,0x0000000608200000)
 Metaspace       used 119629K, capacity 136096K, committed 136232K, reserved 1165312K
  class space    used 17233K, capacity 21028K, committed 21032K, reserved 1048576K
}

